        -:    0:Source:C:/Users/diana/Desktop/uni work/2nd sem/OOP/a45-913-Dumitru-Diana/domain/domain.cpp
        -:    0:Graph:C:\Users\diana\Desktop\uni work\2nd sem\OOP\a45-913-Dumitru-Diana\cmake-build-debug-coverage-coverage\CMakeFiles\a45_913_Dumitru_Diana.dir\domain\domain.cpp.gcno
        -:    0:Data:C:\Users\diana\Desktop\uni work\2nd sem\OOP\a45-913-Dumitru-Diana\cmake-build-debug-coverage-coverage\CMakeFiles\a45_913_Dumitru_Diana.dir\domain\domain.cpp.gcda
        -:    0:Runs:1
        -:    0:Programs:1
        -:    1:#include "domain.h"
        -:    2:#include <windows.h>
        -:    3:#include <shellapi.h>
        -:    4:
        -:    5:
      514:    6:Tutorial::Tutorial() : title(""), presenter(""), duration(Duration()), likes(0), link("") {}
      514:    6-block  0
      514:    6-block  1
      514:    6-block  2
      514:    6-block  3
      514:    6-block  4
    %%%%%:    6-block  5
    %%%%%:    6-block  6
    %%%%%:    6-block  7
    %%%%%:    6-block  8
    %%%%%:    6-block  9
        -:    7:
       56:    8:Tutorial::Tutorial(const std::string& title, const std::string& presenter, const Duration& duration, const int& likes, const std::string& link)
       28:    8-block  0
       28:    8-block  1
    %%%%%:    8-block  2
    %%%%%:    8-block  3
    %%%%%:    8-block  4
        -:    9:{
       28:   10:    this->title = title;
       28:   11:    this->presenter = presenter;
       28:   11-block  0
       28:   12:    this->duration = duration;
       28:   13:    this->likes = likes;
       28:   14:    this->link = link;
       28:   14-block  0
       28:   15:}
       28:   15-block  0
        -:   16:
      167:   17:std::string Tutorial::get_title() const
      167:   17-block  0
        -:   18:{
      167:   19:    return this->title;
      167:   19-block  0
        -:   20:}
        -:   21:
      267:   22:std::string Tutorial::get_presenter() const
      267:   22-block  0
        -:   23:{
      267:   24:    return this->presenter;
      267:   24-block  0
        -:   25:}
        -:   26:
       12:   27:Duration Tutorial::get_duration() const
       12:   27-block  0
        -:   28:{
       12:   29:    return this->duration;
       12:   29-block  0
        -:   30:}
        -:   31:
       11:   32:int Tutorial::get_no_of_likes() const
       11:   32-block  0
        -:   33:{
       11:   34:    return this->likes;
       11:   34-block  0
        -:   35:}
        -:   36:
       16:   37:std::string Tutorial::get_link() const
       16:   37-block  0
        -:   38:{
       16:   39:    return this->link;
       16:   39-block  0
        -:   40:}
        -:   41:
        6:   42:void Tutorial::open_link() const
        6:   42-block  0
        -:   43:{
        6:   44:    ShellExecuteA(NULL, NULL, "chrome.exe", this->get_link().c_str(), NULL, SW_SHOWMAXIMIZED);
        6:   44-block  0
        6:   44-block  1
    %%%%%:   44-block  2
        6:   45:}
        -:   46:
        4:   47:void Tutorial::like()
        4:   47-block  0
        -:   48:{
        4:   49:    this->likes++;
        4:   50:}
        1:   50-block  0
        1:   50-block  1
        1:   50-block  2
        1:   50-block  3
        1:   50-block  4
        -:   51:
        -:   52:
