        -:    0:Source:C:/Users/diana/Desktop/uni work/2nd sem/OOP/a45-913-Dumitru-Diana/tests/tests.h
        -:    0:Graph:C:\Users\diana\Desktop\uni work\2nd sem\OOP\a45-913-Dumitru-Diana\cmake-build-debug-coverage-coverage\CMakeFiles\a45_913_Dumitru_Diana.dir\main.cpp.gcno
        -:    0:Data:C:\Users\diana\Desktop\uni work\2nd sem\OOP\a45-913-Dumitru-Diana\cmake-build-debug-coverage-coverage\CMakeFiles\a45_913_Dumitru_Diana.dir\main.cpp.gcda
        -:    0:Runs:1
        -:    0:Programs:1
        -:    1:#pragma once
        -:    2:#include "../ui/UI.h"
        -:    3:
        -:    4:class Tests
        -:    5:{
        -:    6:private:
        -:    7:    static void test_domain();
        -:    8:    static void test_array();
        -:    9:    static void test_repo();
        -:   10:    static void test_service();
        -:   11:    static void test_iterator();
        -:   12:
        -:   13:public:
        -:   14:
        1:   15:    Tests() {}
        1:   15-block  0
        -:   16:    ~Tests();
        -:   17:    void test_all();
        -:   18:};
