        -:    0:Source:C:/Users/diana/Desktop/uni work/2nd sem/OOP/a45-913-Dumitru-Diana/main.cpp
        -:    0:Graph:C:\Users\diana\Desktop\uni work\2nd sem\OOP\a45-913-Dumitru-Diana\cmake-build-debug-coverage-coverage\CMakeFiles\a45_913_Dumitru_Diana.dir\main.cpp.gcno
        -:    0:Data:C:\Users\diana\Desktop\uni work\2nd sem\OOP\a45-913-Dumitru-Diana\cmake-build-debug-coverage-coverage\CMakeFiles\a45_913_Dumitru_Diana.dir\main.cpp.gcda
        -:    0:Runs:1
        -:    0:Programs:1
        -:    1:#include <iostream>
        -:    2:#include <string>
        -:    3:#include "ui/UI.h"
        -:    4:#define _CRTDBG_MAP_ALLOC
        -:    5:#include <stdlib.h>
        -:    6:#include "tests/tests.h"
        -:    7:
        -:    8:using namespace std;
        -:    9:
        1:   10:int main() {
        1:   10-block  0
        -:   11:{
        2:   12:    Tests tests;
        1:   12-block  0
    %%%%%:   12-block  1
        1:   13:    tests.test_all();
        -:   14:
        2:   15:    Repo repo{};
        1:   15-block  0
    %%%%%:   15-block  1
        2:   16:    Tutorial t1{"Pointers", "Jeff", Duration{16, 58}, 200, "https://www.youtube.com/watch?v=DTxHyVn0ODg"};
        1:   16-block  0
        1:   16-block  1
        1:   16-block  2
        1:   16-block  3
        1:   16-block  4
    %%%%%:   16-block  5
    %%%%%:   16-block  6
    %%%%%:   16-block  7
    %%%%%:   16-block  8
    %%%%%:   16-block  9
    %%%%%:   16-block 10
    %%%%%:   16-block 11
    %%%%%:   16-block 12
    %%%%%:   16-block 13
        2:   17:    Tutorial t2{"Classes", "Ryan", Duration{8, 41}, 167, "https://www.youtube.com/watch?v=2BP8NhxjrO0"};
        1:   17-block  0
        1:   17-block  1
        1:   17-block  2
        1:   17-block  3
    %%%%%:   17-block  4
    %%%%%:   17-block  5
    %%%%%:   17-block  6
    %%%%%:   17-block  7
    %%%%%:   17-block  8
    %%%%%:   17-block  9
    %%%%%:   17-block 10
    %%%%%:   17-block 11
    %%%%%:   17-block 12
        2:   18:    Tutorial t3{"Classes vs Structs", "Peter", Duration{8, 31}, 150,
        1:   18-block  0
    %%%%%:   18-block  1
    %%%%%:   18-block  2
        4:   19:                "https://www.youtube.com/watch?v=fLgTtaqqJp0&list=RDCMUCQ-W1KE9EYfdxhL6S4twUNw&start_radio=1&t=4"};
        1:   19-block  0
        1:   19-block  1
        1:   19-block  2
    %%%%%:   19-block  3
    %%%%%:   19-block  4
    %%%%%:   19-block  5
    %%%%%:   19-block  6
    %%%%%:   19-block  7
    %%%%%:   19-block  8
    %%%%%:   19-block  9
        2:   20:    Tutorial t4{"Templates", "Ryan", Duration{17, 57}, 312,
        1:   20-block  0
    %%%%%:   20-block  1
    %%%%%:   20-block  2
        4:   21:                "https://www.youtube.com/watch?v=I-hZkUa9mIs&list=RDCMUCQ-W1KE9EYfdxhL6S4twUNw&index=4"};
        1:   21-block  0
        1:   21-block  1
        1:   21-block  2
    %%%%%:   21-block  3
    %%%%%:   21-block  4
    %%%%%:   21-block  5
    %%%%%:   21-block  6
    %%%%%:   21-block  7
    %%%%%:   21-block  8
    %%%%%:   21-block  9
        2:   22:    Tutorial t5{"References", "Jane", Duration{10, 12}, 223,
        1:   22-block  0
    %%%%%:   22-block  1
    %%%%%:   22-block  2
        4:   23:                "https://www.youtube.com/watch?v=IzoFn3dfsPA&list=RDCMUCQ-W1KE9EYfdxhL6S4twUNw&index=5"};
        1:   23-block  0
        1:   23-block  1
        1:   23-block  2
    %%%%%:   23-block  3
    %%%%%:   23-block  4
    %%%%%:   23-block  5
    %%%%%:   23-block  6
    %%%%%:   23-block  7
    %%%%%:   23-block  8
    %%%%%:   23-block  9
        2:   24:    Tutorial t6{"Headers", "Alex", Duration{15, 9}, 462,
        1:   24-block  0
    %%%%%:   24-block  1
    %%%%%:   24-block  2
        4:   25:                "https://www.youtube.com/watch?v=9RJTQmK0YPI&list=RDCMUCQ-W1KE9EYfdxhL6S4twUNw&index=11"};
        1:   25-block  0
        1:   25-block  1
        1:   25-block  2
    %%%%%:   25-block  3
    %%%%%:   25-block  4
    %%%%%:   25-block  5
    %%%%%:   25-block  6
    %%%%%:   25-block  7
    %%%%%:   25-block  8
    %%%%%:   25-block  9
        2:   26:    Tutorial t7{"Dynamic arrays", "Ryan", Duration{14, 13}, 165,
        1:   26-block  0
    %%%%%:   26-block  1
    %%%%%:   26-block  2
        4:   27:                "https://www.youtube.com/watch?v=PocJ5jXv8No&list=RDCMUCQ-W1KE9EYfdxhL6S4twUNw&index=16"};
        1:   27-block  0
        1:   27-block  1
        1:   27-block  2
    %%%%%:   27-block  3
    %%%%%:   27-block  4
    %%%%%:   27-block  5
    %%%%%:   27-block  6
    %%%%%:   27-block  7
    %%%%%:   27-block  8
    %%%%%:   27-block  9
        2:   28:    Tutorial t8{"Iterators", "Richard", Duration{17, 8}, 76,
        1:   28-block  0
    %%%%%:   28-block  1
    %%%%%:   28-block  2
        4:   29:                "https://www.youtube.com/watch?v=SgcHcbQ0RCQ&list=RDCMUCQ-W1KE9EYfdxhL6S4twUNw&index=26"};
        1:   29-block  0
        1:   29-block  1
        1:   29-block  2
    %%%%%:   29-block  3
    %%%%%:   29-block  4
    %%%%%:   29-block  5
    %%%%%:   29-block  6
    %%%%%:   29-block  7
    %%%%%:   29-block  8
    %%%%%:   29-block  9
        2:   30:    Tutorial t9{"Libraries", "Ryan", Duration{18, 34}, 111,
        1:   30-block  0
    %%%%%:   30-block  1
    %%%%%:   30-block  2
        4:   31:                "https://www.youtube.com/watch?v=or1dAmUO8k0&list=RDCMUCQ-W1KE9EYfdxhL6S4twUNw&index=24"};
        1:   31-block  0
        1:   31-block  1
        1:   31-block  2
    %%%%%:   31-block  3
    %%%%%:   31-block  4
    %%%%%:   31-block  5
    %%%%%:   31-block  6
    %%%%%:   31-block  7
    %%%%%:   31-block  8
    %%%%%:   31-block  9
        2:   32:    Tutorial t10{"Data Structures and Algorithms", "Ryan", Duration{10, 31}, 87,
        1:   32-block  0
    %%%%%:   32-block  1
    %%%%%:   32-block  2
        4:   33:                 "https://www.youtube.com/watch?v=vA4QG1PlTRI"};
        1:   33-block  0
        1:   33-block  1
        1:   33-block  2
    %%%%%:   33-block  3
    %%%%%:   33-block  4
    %%%%%:   33-block  5
    %%%%%:   33-block  6
    %%%%%:   33-block  7
    %%%%%:   33-block  8
        -:   34:
        1:   35:    repo.add_tutorial(t1);
        1:   36:    repo.add_tutorial(t2);
        1:   36-block  0
        1:   37:    repo.add_tutorial(t3);
        1:   37-block  0
        1:   38:    repo.add_tutorial(t4);
        1:   38-block  0
        1:   39:    repo.add_tutorial(t5);
        1:   39-block  0
        1:   40:    repo.add_tutorial(t6);
        1:   40-block  0
        1:   41:    repo.add_tutorial(t7);
        1:   41-block  0
        1:   42:    repo.add_tutorial(t8);
        1:   42-block  0
        1:   43:    repo.add_tutorial(t9);
        1:   43-block  0
        1:   44:    repo.add_tutorial(t10);
        1:   44-block  0
        -:   45:
        2:   46:    Service service{repo};
        1:   46-block  0
    %%%%%:   46-block  1
        2:   47:    UI ui{service};
        1:   47-block  0
        1:   47-block  1
    %%%%%:   47-block  2
        1:   48:    ui.run();
        1:   48-block  0
        -:   49:}
        -:   50://    int x = _CrtDumpMemoryLeaks();
        -:   51://    cout<<"Memory leaks: "<<x;
        1:   52:    return 0;
        1:   52-block  0
    %%%%%:   52-block  1
        4:   53:}
        1:   53-block  0
        1:   53-block  1
        1:   53-block  2
        1:   53-block  3
        1:   53-block  4
        -:   54:
        -:   55:
        -:   56:
        -:   57:
        -:   58:
        -:   59:
        -:   60:
        -:   61:
        -:   62:
        -:   63:
        -:   64:
        -:   65:
        -:   66:
        -:   67:
        -:   68:
        -:   69:
        -:   70:
        -:   71:
        -:   72:
